# JRE version: 7.0_11-b21
# Java VM: Java HotSpot(TM) Client VM (23.6-b04 mixed mode windows-x86 )
Heap
 def new generation   total 29504K, used 18527K [0x122e0000, 0x142e0000, 0x142e0000)
  eden space 26240K,  68% used [0x122e0000, 0x13476790, 0x13c80000)
  from space 3264K,  15% used [0x13c80000, 0x13d01630, 0x13fb0000)
  to   space 3264K,   0% used [0x13fb0000, 0x13fb0000, 0x142e0000)
 tenured generation   total 98304K, used 52313K [0x142e0000, 0x1a2e0000, 0x1a2e0000)
   the space 98304K,  53% used [0x142e0000, 0x175f6690, 0x175f6800, 0x1a2e0000)
 compacting perm gen  total 42496K, used 42265K [0x1a2e0000, 0x1cc60000, 0x202e0000)
   the space 42496K,  99% used [0x1a2e0000, 0x1cc26758, 0x1cc26800, 0x1cc60000)
GC Heap History (10 events):
Event: 787.201 GC heap before
{Heap before GC invocations=304 (full 19):
 def new generation   total 29504K, used 26539K [0x122e0000, 0x142e0000, 0x142e0000)
  eden space 26240K, 100% used [0x122e0000, 0x13c80000, 0x13c80000)
  from space 3264K,   9% used [0x13fb0000, 0x13ffaea8, 0x142e0000)
  to   space 3264K,   0% used [0x13c80000, 0x13c80000, 0x13fb0000)
 tenured generation   total 98304K, used 52229K [0x142e0000, 0x1a2e0000, 0x1a2e0000)
   the space 98304K,  53% used [0x142e0000, 0x175e15c0, 0x175e1600, 0x1a2e0000)
 compacting perm gen  total 42496K, used 42265K [0x1a2e0000, 0x1cc60000, 0x202e0000)
   the space 42496K,  99% used [0x1a2e0000, 0x1cc26758, 0x1cc26800, 0x1cc60000)
No shared spaces configured.
Event: 787.205 GC heap after
Heap after GC invocations=305 (full 19):
 def new generation   total 29504K, used 407K [0x122e0000, 0x142e0000, 0x142e0000)
  eden space 26240K,   0% used [0x122e0000, 0x122e0000, 0x13c80000)
  from space 3264K,  12% used [0x13c80000, 0x13ce5ed0, 0x13fb0000)
  to   space 3264K,   0% used [0x13fb0000, 0x13fb0000, 0x142e0000)
 tenured generation   total 98304K, used 52230K [0x142e0000, 0x1a2e0000, 0x1a2e0000)
   the space 98304K,  53% used [0x142e0000, 0x175e1a68, 0x175e1c00, 0x1a2e0000)
 compacting perm gen  total 42496K, used 42265K [0x1a2e0000, 0x1cc60000, 0x202e0000)
   the space 42496K,  99% used [0x1a2e0000, 0x1cc26758, 0x1cc26800, 0x1cc60000)
No shared spaces configured.
}
Event: 801.238 GC heap before
{Heap before GC invocations=305 (full 19):
 def new generation   total 29504K, used 26647K [0x122e0000, 0x142e0000, 0x142e0000)
  eden space 26240K, 100% used [0x122e0000, 0x13c80000, 0x13c80000)
  from space 3264K,  12% used [0x13c80000, 0x13ce5ed0, 0x13fb0000)
  to   space 3264K,   0% used [0x13fb0000, 0x13fb0000, 0x142e0000)
 tenured generation   total 98304K, used 52230K [0x142e0000, 0x1a2e0000, 0x1a2e0000)
   the space 98304K,  53% used [0x142e0000, 0x175e1a68, 0x175e1c00, 0x1a2e0000)
 compacting perm gen  total 42496K, used 42265K [0x1a2e0000, 0x1cc60000, 0x202e0000)
   the space 42496K,  99% used [0x1a2e0000, 0x1cc26758, 0x1cc26800, 0x1cc60000)
No shared spaces configured.
Event: 801.242 GC heap after
Heap after GC invocations=306 (full 19):
 def new generation   total 29504K, used 442K [0x122e0000, 0x142e0000, 0x142e0000)
  eden space 26240K,   0% used [0x122e0000, 0x122e0000, 0x13c80000)
  from space 3264K,  13% used [0x13fb0000, 0x1401eaf0, 0x142e0000)
  to   space 3264K,   0% used [0x13c80000, 0x13c80000, 0x13fb0000)
 tenured generation   total 98304K, used 52251K [0x142e0000, 0x1a2e0000, 0x1a2e0000)
   the space 98304K,  53% used [0x142e0000, 0x175e6e10, 0x175e7000, 0x1a2e0000)
 compacting perm gen  total 42496K, used 42265K [0x1a2e0000, 0x1cc60000, 0x202e0000)
   the space 42496K,  99% used [0x1a2e0000, 0x1cc26758, 0x1cc26800, 0x1cc60000)
No shared spaces configured.
}
Event: 812.503 GC heap before
{Heap before GC invocations=306 (full 19):
 def new generation   total 29504K, used 26682K [0x122e0000, 0x142e0000, 0x142e0000)
  eden space 26240K, 100% used [0x122e0000, 0x13c80000, 0x13c80000)
  from space 3264K,  13% used [0x13fb0000, 0x1401eb08, 0x142e0000)
  to   space 3264K,   0% used [0x13c80000, 0x13c80000, 0x13fb0000)
 tenured generation   total 98304K, used 52251K [0x142e0000, 0x1a2e0000, 0x1a2e0000)
   the space 98304K,  53% used [0x142e0000, 0x175e6e10, 0x175e7000, 0x1a2e0000)
 compacting perm gen  total 42496K, used 42265K [0x1a2e0000, 0x1cc60000, 0x202e0000)
   the space 42496K,  99% used [0x1a2e0000, 0x1cc26758, 0x1cc26800, 0x1cc60000)
No shared spaces configured.
Event: 812.507 GC heap after
Heap after GC invocations=307 (full 19):
 def new generation   total 29504K, used 501K [0x122e0000, 0x142e0000, 0x142e0000)
  eden space 26240K,   0% used [0x122e0000, 0x122e0000, 0x13c80000)
  from space 3264K,  15% used [0x13c80000, 0x13cfd6d8, 0x13fb0000)
  to   space 3264K,   0% used [0x13fb0000, 0x13fb0000, 0x142e0000)
 tenured generation   total 98304K, used 52312K [0x142e0000, 0x1a2e0000, 0x1a2e0000)
   the space 98304K,  53% used [0x142e0000, 0x175f6340, 0x175f6400, 0x1a2e0000)
 compacting perm gen  total 42496K, used 42265K [0x1a2e0000, 0x1cc60000, 0x202e0000)
   the space 42496K,  99% used [0x1a2e0000, 0x1cc26758, 0x1cc26800, 0x1cc60000)
No shared spaces configured.
}
Event: 829.741 GC heap before
{Heap before GC invocations=307 (full 19):
 def new generation   total 29504K, used 26741K [0x122e0000, 0x142e0000, 0x142e0000)
  eden space 26240K, 100% used [0x122e0000, 0x13c80000, 0x13c80000)
  from space 3264K,  15% used [0x13c80000, 0x13cfd6d8, 0x13fb0000)
  to   space 3264K,   0% used [0x13fb0000, 0x13fb0000, 0x142e0000)
 tenured generation   total 98304K, used 52312K [0x142e0000, 0x1a2e0000, 0x1a2e0000)
   the space 98304K,  53% used [0x142e0000, 0x175f6340, 0x175f6400, 0x1a2e0000)
 compacting perm gen  total 42496K, used 42265K [0x1a2e0000, 0x1cc60000, 0x202e0000)
   the space 42496K,  99% used [0x1a2e0000, 0x1cc26758, 0x1cc26800, 0x1cc60000)
No shared spaces configured.
Event: 829.744 GC heap after
Heap after GC invocations=308 (full 19):
 def new generation   total 29504K, used 492K [0x122e0000, 0x142e0000, 0x142e0000)
  eden space 26240K,   0% used [0x122e0000, 0x122e0000, 0x13c80000)
  from space 3264K,  15% used [0x13fb0000, 0x1402b1a8, 0x142e0000)
  to   space 3264K,   0% used [0x13c80000, 0x13c80000, 0x13fb0000)
 tenured generation   total 98304K, used 52313K [0x142e0000, 0x1a2e0000, 0x1a2e0000)
   the space 98304K,  53% used [0x142e0000, 0x175f6480, 0x175f6600, 0x1a2e0000)
 compacting perm gen  total 42496K, used 42265K [0x1a2e0000, 0x1cc60000, 0x202e0000)
   the space 42496K,  99% used [0x1a2e0000, 0x1cc26758, 0x1cc26800, 0x1cc60000)
No shared spaces configured.
}
Event: 846.739 GC heap before
{Heap before GC invocations=308 (full 19):
 def new generation   total 29504K, used 26732K [0x122e0000, 0x142e0000, 0x142e0000)
  eden space 26240K, 100% used [0x122e0000, 0x13c80000, 0x13c80000)
  from space 3264K,  15% used [0x13fb0000, 0x1402b1a8, 0x142e0000)
  to   space 3264K,   0% used [0x13c80000, 0x13c80000, 0x13fb0000)
 tenured generation   total 98304K, used 52313K [0x142e0000, 0x1a2e0000, 0x1a2e0000)
   the space 98304K,  53% used [0x142e0000, 0x175f6480, 0x175f6600, 0x1a2e0000)
 compacting perm gen  total 42496K, used 42265K [0x1a2e0000, 0x1cc60000, 0x202e0000)
   the space 42496K,  99% used [0x1a2e0000, 0x1cc26758, 0x1cc26800, 0x1cc60000)
No shared spaces configured.
Event: 846.742 GC heap after
Heap after GC invocations=309 (full 19):
 def new generation   total 29504K, used 517K [0x122e0000, 0x142e0000, 0x142e0000)
  eden space 26240K,   0% used [0x122e0000, 0x122e0000, 0x13c80000)
  from space 3264K,  15% used [0x13c80000, 0x13d01630, 0x13fb0000)
  to   space 3264K,   0% used [0x13fb0000, 0x13fb0000, 0x142e0000)
 tenured generation   total 98304K, used 52313K [0x142e0000, 0x1a2e0000, 0x1a2e0000)
   the space 98304K,  53% used [0x142e0000, 0x175f6690, 0x175f6800, 0x1a2e0000)
 compacting perm gen  total 42496K, used 42265K [0x1a2e0000, 0x1cc60000, 0x202e0000)
   the space 42496K,  99% used [0x1a2e0000, 0x1cc26758, 0x1cc26800, 0x1cc60000)
No shared spaces configured.
}

